mode: set
github.com/anayks/golang-avito-trainee-tech-task/internal/app/entity/chat/chat.go:16.44,19.16 2 1
github.com/anayks/golang-avito-trainee-tech-task/internal/app/entity/chat/chat.go:23.2,23.14 1 1
github.com/anayks/golang-avito-trainee-tech-task/internal/app/entity/chat/chat.go:27.2,27.12 1 1
github.com/anayks/golang-avito-trainee-tech-task/internal/app/entity/chat/chat.go:19.16,21.3 1 0
github.com/anayks/golang-avito-trainee-tech-task/internal/app/entity/chat/chat.go:23.14,25.3 1 1
github.com/anayks/golang-avito-trainee-tech-task/internal/app/entity/chat/testing.go:3.25,5.2 1 1
github.com/anayks/golang-avito-trainee-tech-task/internal/app/entity/message/message.go:13.52,14.23 1 1
github.com/anayks/golang-avito-trainee-tech-task/internal/app/entity/message/message.go:18.2,18.25 1 1
github.com/anayks/golang-avito-trainee-tech-task/internal/app/entity/message/message.go:22.2,22.28 1 1
github.com/anayks/golang-avito-trainee-tech-task/internal/app/entity/message/message.go:26.2,26.12 1 1
github.com/anayks/golang-avito-trainee-tech-task/internal/app/entity/message/message.go:14.23,16.3 1 1
github.com/anayks/golang-avito-trainee-tech-task/internal/app/entity/message/message.go:18.25,20.3 1 1
github.com/anayks/golang-avito-trainee-tech-task/internal/app/entity/message/message.go:22.28,24.3 1 1
github.com/anayks/golang-avito-trainee-tech-task/internal/app/entity/message/testing.go:3.28,5.2 1 1
github.com/anayks/golang-avito-trainee-tech-task/internal/app/entity/user/testing.go:3.29,5.2 1 1
github.com/anayks/golang-avito-trainee-tech-task/internal/app/entity/user/user.go:15.47,18.16 2 1
github.com/anayks/golang-avito-trainee-tech-task/internal/app/entity/user/user.go:22.2,22.14 1 1
github.com/anayks/golang-avito-trainee-tech-task/internal/app/entity/user/user.go:26.2,26.12 1 1
github.com/anayks/golang-avito-trainee-tech-task/internal/app/entity/user/user.go:18.16,20.3 1 0
github.com/anayks/golang-avito-trainee-tech-task/internal/app/entity/user/user.go:22.14,24.3 1 1
github.com/anayks/golang-avito-trainee-tech-task/internal/app/entity/user/user.go:29.45,30.18 1 1
github.com/anayks/golang-avito-trainee-tech-task/internal/app/entity/user/user.go:33.2,33.12 1 1
github.com/anayks/golang-avito-trainee-tech-task/internal/app/entity/user/user.go:30.18,32.3 1 1
github.com/anayks/golang-avito-trainee-tech-task/internal/app/store/repository/message.go:22.132,32.16 4 1
github.com/anayks/golang-avito-trainee-tech-task/internal/app/store/repository/message.go:36.2,40.29 3 1
github.com/anayks/golang-avito-trainee-tech-task/internal/app/store/repository/message.go:44.2,44.40 1 1
github.com/anayks/golang-avito-trainee-tech-task/internal/app/store/repository/message.go:48.2,48.16 1 1
github.com/anayks/golang-avito-trainee-tech-task/internal/app/store/repository/message.go:52.2,54.16 2 1
github.com/anayks/golang-avito-trainee-tech-task/internal/app/store/repository/message.go:58.2,58.35 1 1
github.com/anayks/golang-avito-trainee-tech-task/internal/app/store/repository/message.go:62.2,62.24 1 1
github.com/anayks/golang-avito-trainee-tech-task/internal/app/store/repository/message.go:32.16,34.3 1 0
github.com/anayks/golang-avito-trainee-tech-task/internal/app/store/repository/message.go:40.29,42.3 1 0
github.com/anayks/golang-avito-trainee-tech-task/internal/app/store/repository/message.go:44.40,46.3 1 0
github.com/anayks/golang-avito-trainee-tech-task/internal/app/store/repository/message.go:48.16,50.3 1 0
github.com/anayks/golang-avito-trainee-tech-task/internal/app/store/repository/message.go:54.16,56.3 1 0
github.com/anayks/golang-avito-trainee-tech-task/internal/app/store/repository/message.go:58.35,60.3 1 0
github.com/anayks/golang-avito-trainee-tech-task/internal/app/store/repository/message.go:65.99,68.16 2 1
github.com/anayks/golang-avito-trainee-tech-task/internal/app/store/repository/message.go:72.2,76.25 3 1
github.com/anayks/golang-avito-trainee-tech-task/internal/app/store/repository/message.go:86.2,86.42 1 1
github.com/anayks/golang-avito-trainee-tech-task/internal/app/store/repository/message.go:90.2,90.25 1 1
github.com/anayks/golang-avito-trainee-tech-task/internal/app/store/repository/message.go:68.16,70.3 1 0
github.com/anayks/golang-avito-trainee-tech-task/internal/app/store/repository/message.go:76.25,79.133 2 1
github.com/anayks/golang-avito-trainee-tech-task/internal/app/store/repository/message.go:83.3,83.48 1 1
github.com/anayks/golang-avito-trainee-tech-task/internal/app/store/repository/message.go:79.133,81.4 1 0
github.com/anayks/golang-avito-trainee-tech-task/internal/app/store/repository/message.go:86.42,88.3 1 0
github.com/anayks/golang-avito-trainee-tech-task/internal/app/store/repository/store.go:14.29,32.2 5 1
github.com/anayks/golang-avito-trainee-tech-task/internal/app/store/repository/testing.go:16.75,31.16 10 1
github.com/anayks/golang-avito-trainee-tech-task/internal/app/store/repository/testing.go:34.2,34.34 1 1
github.com/anayks/golang-avito-trainee-tech-task/internal/app/store/repository/testing.go:38.2,38.36 1 1
github.com/anayks/golang-avito-trainee-tech-task/internal/app/store/repository/testing.go:31.16,33.3 1 0
github.com/anayks/golang-avito-trainee-tech-task/internal/app/store/repository/testing.go:34.34,36.3 1 0
github.com/anayks/golang-avito-trainee-tech-task/internal/app/store/repository/testing.go:38.36,39.22 1 1
github.com/anayks/golang-avito-trainee-tech-task/internal/app/store/repository/testing.go:44.3,44.13 1 1
github.com/anayks/golang-avito-trainee-tech-task/internal/app/store/repository/testing.go:39.22,40.33 1 1
github.com/anayks/golang-avito-trainee-tech-task/internal/app/store/repository/testing.go:40.33,42.5 1 1
github.com/anayks/golang-avito-trainee-tech-task/internal/app/store/repository/testing.go:48.152,60.26 9 1
github.com/anayks/golang-avito-trainee-tech-task/internal/app/store/repository/testing.go:67.2,70.53 3 1
github.com/anayks/golang-avito-trainee-tech-task/internal/app/store/repository/testing.go:60.26,65.3 4 1
github.com/anayks/golang-avito-trainee-tech-task/internal/app/store/repository/users.go:17.77,24.16 3 1
github.com/anayks/golang-avito-trainee-tech-task/internal/app/store/repository/users.go:28.2,28.23 1 1
github.com/anayks/golang-avito-trainee-tech-task/internal/app/store/repository/users.go:24.16,26.3 1 0
github.com/anayks/golang-avito-trainee-tech-task/internal/app/store/repository/chats.go:60.115,69.16 4 1
github.com/anayks/golang-avito-trainee-tech-task/internal/app/store/repository/chats.go:73.2,75.40 2 1
github.com/anayks/golang-avito-trainee-tech-task/internal/app/store/repository/chats.go:79.2,79.16 1 1
github.com/anayks/golang-avito-trainee-tech-task/internal/app/store/repository/chats.go:83.2,83.33 1 1
github.com/anayks/golang-avito-trainee-tech-task/internal/app/store/repository/chats.go:92.2,92.35 1 1
github.com/anayks/golang-avito-trainee-tech-task/internal/app/store/repository/chats.go:96.2,96.21 1 1
github.com/anayks/golang-avito-trainee-tech-task/internal/app/store/repository/chats.go:69.16,71.3 1 0
github.com/anayks/golang-avito-trainee-tech-task/internal/app/store/repository/chats.go:75.40,77.3 1 0
github.com/anayks/golang-avito-trainee-tech-task/internal/app/store/repository/chats.go:79.16,81.3 1 0
github.com/anayks/golang-avito-trainee-tech-task/internal/app/store/repository/chats.go:83.33,85.17 2 1
github.com/anayks/golang-avito-trainee-tech-task/internal/app/store/repository/chats.go:89.3,89.87 1 0
github.com/anayks/golang-avito-trainee-tech-task/internal/app/store/repository/chats.go:85.17,86.12 1 1
github.com/anayks/golang-avito-trainee-tech-task/internal/app/store/repository/chats.go:92.35,94.3 1 0
github.com/anayks/golang-avito-trainee-tech-task/internal/app/store/repository/chats.go:99.91,102.40 2 1
github.com/anayks/golang-avito-trainee-tech-task/internal/app/store/repository/chats.go:106.2,110.18 3 1
github.com/anayks/golang-avito-trainee-tech-task/internal/app/store/repository/chats.go:119.2,119.25 1 1
github.com/anayks/golang-avito-trainee-tech-task/internal/app/store/repository/chats.go:102.40,104.3 1 0
github.com/anayks/golang-avito-trainee-tech-task/internal/app/store/repository/chats.go:110.18,113.122 2 1
github.com/anayks/golang-avito-trainee-tech-task/internal/app/store/repository/chats.go:116.3,116.49 1 1
github.com/anayks/golang-avito-trainee-tech-task/internal/app/store/repository/chats.go:113.122,115.4 1 0
github.com/anayks/golang-avito-trainee-tech-task/internal/app/store/repository/chats.go:122.116,125.40 2 1
github.com/anayks/golang-avito-trainee-tech-task/internal/app/store/repository/chats.go:128.2,128.16 1 1
github.com/anayks/golang-avito-trainee-tech-task/internal/app/store/repository/chats.go:131.2,131.12 1 1
github.com/anayks/golang-avito-trainee-tech-task/internal/app/store/repository/chats.go:125.40,127.3 1 0
github.com/anayks/golang-avito-trainee-tech-task/internal/app/store/repository/chats.go:128.16,130.3 1 0
github.com/anayks/golang-avito-trainee-tech-task/internal/app/server/handlers.go:14.73,17.67 2 1
github.com/anayks/golang-avito-trainee-tech-task/internal/app/server/handlers.go:22.2,22.54 1 1
github.com/anayks/golang-avito-trainee-tech-task/internal/app/server/handlers.go:27.2,29.16 2 1
github.com/anayks/golang-avito-trainee-tech-task/internal/app/server/handlers.go:34.2,34.42 1 1
github.com/anayks/golang-avito-trainee-tech-task/internal/app/server/handlers.go:17.67,20.3 2 0
github.com/anayks/golang-avito-trainee-tech-task/internal/app/server/handlers.go:22.54,25.3 2 1
github.com/anayks/golang-avito-trainee-tech-task/internal/app/server/handlers.go:29.16,32.3 2 0
github.com/anayks/golang-avito-trainee-tech-task/internal/app/server/handlers.go:37.77,40.68 2 1
github.com/anayks/golang-avito-trainee-tech-task/internal/app/server/handlers.go:45.2,45.54 1 1
github.com/anayks/golang-avito-trainee-tech-task/internal/app/server/handlers.go:50.2,52.16 2 1
github.com/anayks/golang-avito-trainee-tech-task/internal/app/server/handlers.go:57.2,57.42 1 1
github.com/anayks/golang-avito-trainee-tech-task/internal/app/server/handlers.go:40.68,43.3 2 0
github.com/anayks/golang-avito-trainee-tech-task/internal/app/server/handlers.go:45.54,48.3 2 1
github.com/anayks/golang-avito-trainee-tech-task/internal/app/server/handlers.go:52.16,55.3 2 0
github.com/anayks/golang-avito-trainee-tech-task/internal/app/server/handlers.go:60.78,63.71 2 1
github.com/anayks/golang-avito-trainee-tech-task/internal/app/server/handlers.go:68.2,68.60 1 1
github.com/anayks/golang-avito-trainee-tech-task/internal/app/server/handlers.go:73.2,75.16 2 1
github.com/anayks/golang-avito-trainee-tech-task/internal/app/server/handlers.go:80.2,80.45 1 1
github.com/anayks/golang-avito-trainee-tech-task/internal/app/server/handlers.go:63.71,66.3 2 1
github.com/anayks/golang-avito-trainee-tech-task/internal/app/server/handlers.go:68.60,71.3 2 0
github.com/anayks/golang-avito-trainee-tech-task/internal/app/server/handlers.go:75.16,78.3 2 1
github.com/anayks/golang-avito-trainee-tech-task/internal/app/server/handlers.go:83.63,86.55 2 1
github.com/anayks/golang-avito-trainee-tech-task/internal/app/server/handlers.go:86.55,87.69 1 1
github.com/anayks/golang-avito-trainee-tech-task/internal/app/server/handlers.go:92.3,92.53 1 1
github.com/anayks/golang-avito-trainee-tech-task/internal/app/server/handlers.go:97.3,99.17 2 1
github.com/anayks/golang-avito-trainee-tech-task/internal/app/server/handlers.go:104.3,106.17 2 1
github.com/anayks/golang-avito-trainee-tech-task/internal/app/server/handlers.go:111.3,111.54 1 1
github.com/anayks/golang-avito-trainee-tech-task/internal/app/server/handlers.go:87.69,90.4 2 0
github.com/anayks/golang-avito-trainee-tech-task/internal/app/server/handlers.go:92.53,95.4 2 0
github.com/anayks/golang-avito-trainee-tech-task/internal/app/server/handlers.go:99.17,102.4 2 0
github.com/anayks/golang-avito-trainee-tech-task/internal/app/server/handlers.go:106.17,109.4 2 0
github.com/anayks/golang-avito-trainee-tech-task/internal/app/server/handlers.go:115.60,120.55 2 1
github.com/anayks/golang-avito-trainee-tech-task/internal/app/server/handlers.go:120.55,123.69 2 1
github.com/anayks/golang-avito-trainee-tech-task/internal/app/server/handlers.go:128.3,128.25 1 1
github.com/anayks/golang-avito-trainee-tech-task/internal/app/server/handlers.go:133.3,139.41 3 1
github.com/anayks/golang-avito-trainee-tech-task/internal/app/server/handlers.go:144.3,144.17 1 1
github.com/anayks/golang-avito-trainee-tech-task/internal/app/server/handlers.go:149.3,151.17 2 1
github.com/anayks/golang-avito-trainee-tech-task/internal/app/server/handlers.go:156.3,156.54 1 1
github.com/anayks/golang-avito-trainee-tech-task/internal/app/server/handlers.go:123.69,126.4 2 0
github.com/anayks/golang-avito-trainee-tech-task/internal/app/server/handlers.go:128.25,131.4 2 0
github.com/anayks/golang-avito-trainee-tech-task/internal/app/server/handlers.go:139.41,142.4 2 0
github.com/anayks/golang-avito-trainee-tech-task/internal/app/server/handlers.go:144.17,147.4 2 0
github.com/anayks/golang-avito-trainee-tech-task/internal/app/server/handlers.go:151.17,154.4 2 0
github.com/anayks/golang-avito-trainee-tech-task/internal/app/server/middleware.go:12.63,13.72 1 1
github.com/anayks/golang-avito-trainee-tech-task/internal/app/server/middleware.go:13.72,17.3 3 1
github.com/anayks/golang-avito-trainee-tech-task/internal/app/server/middleware.go:20.70,21.71 1 1
github.com/anayks/golang-avito-trainee-tech-task/internal/app/server/middleware.go:21.71,31.3 6 1
github.com/anayks/golang-avito-trainee-tech-task/internal/app/server/middleware.go:34.66,35.72 1 1
github.com/anayks/golang-avito-trainee-tech-task/internal/app/server/middleware.go:35.72,36.16 1 1
github.com/anayks/golang-avito-trainee-tech-task/internal/app/server/middleware.go:42.3,42.24 1 1
github.com/anayks/golang-avito-trainee-tech-task/internal/app/server/middleware.go:36.16,37.36 1 1
github.com/anayks/golang-avito-trainee-tech-task/internal/app/server/middleware.go:37.36,40.5 2 0
github.com/anayks/golang-avito-trainee-tech-task/internal/app/server/responseWriter.go:13.54,16.2 2 1
github.com/anayks/golang-avito-trainee-tech-task/internal/app/server/responseWriter.go:18.85,20.2 1 1
github.com/anayks/golang-avito-trainee-tech-task/internal/app/server/responseWriter.go:22.94,25.17 3 1
github.com/anayks/golang-avito-trainee-tech-task/internal/app/server/responseWriter.go:25.17,27.3 1 1
github.com/anayks/golang-avito-trainee-tech-task/internal/app/server/server.go:27.68,29.2 1 1
github.com/anayks/golang-avito-trainee-tech-task/internal/app/server/server.go:31.36,36.82 5 1
github.com/anayks/golang-avito-trainee-tech-task/internal/app/server/server.go:39.2,43.82 5 1
github.com/anayks/golang-avito-trainee-tech-task/internal/app/server/server.go:36.82,38.3 1 0
github.com/anayks/golang-avito-trainee-tech-task/internal/app/server/server.go:46.48,54.2 3 1
github.com/anayks/golang-avito-trainee-tech-task/internal/app/server/server.go:56.20,65.2 6 0
